�  Starting GUI...
�  Ready on http://localhost:8000
✨  Creating project in E:\Code\Test\vue\vueui.
Cannot download "https://github.com/sass/node-sass/releases/download/v4.14.1/win32-x64-72_binding.node":

ESOCKETTIMEDOUT

Hint: If github.com is not accessible in your location
      try setting a proxy via HTTP_PROXY, e.g.

      export HTTP_PROXY=http://example.com:1234

or configure npm proxy via

      npm config set proxy http://example.com:8080
gyp info it worked if it ends with ok
gyp verb cli [
gyp verb cli   'D:\\Program Files\\nodejs\\node.exe',
gyp verb cli   'E:\\Code\\Test\\vue\\vueui\\node_modules\\node-gyp\\bin\\node-gyp.js',
gyp verb cli   'rebuild',
gyp verb cli   '--verbose',
gyp verb cli   '--libsass_ext=',
gyp verb cli   '--libsass_cflags=',
gyp verb cli   '--libsass_ldflags=',
gyp verb cli   '--libsass_library='
gyp verb cli ]
gyp info using node-gyp@3.8.0
gyp info using node@12.16.3 | win32 | x64
gyp verb command rebuild []
gyp verb command clean []
gyp verb clean removing "build" directory
gyp verb command configure []
gyp verb check python checking for Python executable "python2" in the PATH
gyp verb `which` failed Error: not found: python2
gyp verb `which` failed     at getNotFoundError (E:\Code\Test\vue\vueui\node_modules\which\which.js:13:12)
gyp verb `which` failed     at F (E:\Code\Test\vue\vueui\node_modules\which\which.js:68:19)
gyp verb `which` failed     at E (E:\Code\Test\vue\vueui\node_modules\which\which.js:80:29)
gyp verb `which` failed     at E:\Code\Test\vue\vueui\node_modules\which\which.js:89:16
gyp verb `which` failed     at E:\Code\Test\vue\vueui\node_modules\isexe\index.js:42:5
gyp verb `which` failed     at E:\Code\Test\vue\vueui\node_modules\isexe\windows.js:36:5
gyp verb `which` failed     at FSReqCallback.oncomplete (fs.js:167:21)
gyp verb `which` failed  python2 Error: not found: python2
gyp verb `which` failed     at getNotFoundError (E:\Code\Test\vue\vueui\node_modules\which\which.js:13:12)
gyp verb `which` failed     at F (E:\Code\Test\vue\vueui\node_modules\which\which.js:68:19)
gyp verb `which` failed     at E (E:\Code\Test\vue\vueui\node_modules\which\which.js:80:29)
gyp verb `which` failed     at E:\Code\Test\vue\vueui\node_modules\which\which.js:89:16
gyp verb `which` failed     at E:\Code\Test\vue\vueui\node_modules\isexe\index.js:42:5
gyp verb `which` failed     at E:\Code\Test\vue\vueui\node_modules\isexe\windows.js:36:5
gyp verb `which` failed     at FSReqCallback.oncomplete (fs.js:167:21) {
gyp verb `which` failed   code: 'ENOENT'
gyp verb `which` failed }
gyp verb check python checking for Python executable "python" in the PATH
gyp verb `which` failed Error: not found: python
gyp verb `which` failed     at getNotFoundError (E:\Code\Test\vue\vueui\node_modules\which\which.js:13:12)
gyp verb `which` failed     at F (E:\Code\Test\vue\vueui\node_modules\which\which.js:68:19)
gyp verb `which` failed     at E (E:\Code\Test\vue\vueui\node_modules\which\which.js:80:29)
gyp verb `which` failed     at E:\Code\Test\vue\vueui\node_modules\which\which.js:89:16
gyp verb `which` failed     at E:\Code\Test\vue\vueui\node_modules\isexe\index.js:42:5
gyp verb `which` failed     at E:\Code\Test\vue\vueui\node_modules\isexe\windows.js:36:5
gyp verb `which` failed     at FSReqCallback.oncomplete (fs.js:167:21)
gyp verb `which` failed  python Error: not found: python
gyp verb `which` failed     at getNotFoundError (E:\Code\Test\vue\vueui\node_modules\which\which.js:13:12)
gyp verb `which` failed     at F (E:\Code\Test\vue\vueui\node_modules\which\which.js:68:19)
gyp verb `which` failed     at E (E:\Code\Test\vue\vueui\node_modules\which\which.js:80:29)
gyp verb `which` failed     at E:\Code\Test\vue\vueui\node_modules\which\which.js:89:16
gyp verb `which` failed     at E:\Code\Test\vue\vueui\node_modules\isexe\index.js:42:5
gyp verb `which` failed     at E:\Code\Test\vue\vueui\node_modules\isexe\windows.js:36:5
gyp verb `which` failed     at FSReqCallback.oncomplete (fs.js:167:21) {
gyp verb `which` failed   code: 'ENOENT'
gyp verb `which` failed }
gyp verb could not find "python". checking python launcher
gyp verb could not find "python". guessing location
gyp verb ensuring that file exists: C:\Python27\python.exe
gyp ERR! configure error
gyp ERR! stack Error: Can't find Python executable "python", you can set the PYTHON env variable.
gyp ERR! stack     at PythonFinder.failNoPython (E:\Code\Test\vue\vueui\node_modules\node-gyp\lib\configure.js:484:19)
gyp ERR! stack     at PythonFinder.<anonymous> (E:\Code\Test\vue\vueui\node_modules\node-gyp\lib\configure.js:509:16)
gyp ERR! stack     at callback (E:\Code\Test\vue\vueui\node_modules\graceful-fs\polyfills.js:295:20)
gyp ERR! stack     at FSReqCallback.oncomplete (fs.js:167:21)
gyp ERR! System Windows_NT 10.0.18363
gyp ERR! command "D:\\Program Files\\nodejs\\node.exe" "E:\\Code\\Test\\vue\\vueui\\node_modules\\node-gyp\\bin\\node-gyp.js" "rebuild" "--verbose" "--libsass_ext=" "--libsass_cflags=" "--libsass_ldflags=" "--libsass_library="
gyp ERR! cwd E:\Code\Test\vue\vueui\node_modules\node-sass
gyp ERR! node -v v12.16.3
gyp ERR! node-gyp -v v3.8.0
gyp ERR! not ok
Build failed with error code: 1
npm ERR! code ELIFECYCLE
npm ERR! errno 1
npm ERR! node-sass@4.14.1 postinstall: `node scripts/build.js`
npm ERR! Exit status 1
npm ERR!
npm ERR! Failed at the node-sass@4.14.1 postinstall script.
npm ERR! This is probably not a problem with npm. There is likely additional logging output above.

npm ERR! A complete log of this run can be found in:
npm ERR!     C:\Users\Mr.宏\AppData\Roaming\npm-cache\_logs\2020-05-10T05_10_29_023Z-debug.log
 ERROR  command failed: npm install --loglevel error
Error: Command failed: vue create vueui --skipGetStarted --no-git --inlinePreset {"useConfigFiles":true,"plugins":{"@vue/cli-plugin-babel":{},"@vue/cli-plugin-router":{"historyMode":false},"@vue/cli-plugin-vuex":{},"@vue/cli-plugin-eslint":{"config":"base","lintOn":["save"]}},"cssPreprocessor":"node-sass"}
⚙️  Installing CLI plugins. This might take a while...


> yorkie@2.0.0 install E:\Code\Test\vue\vueui\node_modules\yorkie
> node bin/install.js

setting up Git hooks
can't find .git directory, skipping Git hooks installation

> core-js@3.6.5 postinstall E:\Code\Test\vue\vueui\node_modules\core-js
> node -e "try{require('./postinstall')}catch(e){}"


> ejs@2.7.4 postinstall E:\Code\Test\vue\vueui\node_modules\ejs
> node ./postinstall.js

added 1191 packages from 840 contributors in 54.451s

40 packages are looking for funding
  run `npm fund` for details

�  Invoking generators...
�  Installing additional dependencies...


> node-sass@4.14.1 install E:\Code\Test\vue\vueui\node_modules\node-sass
> node scripts/install.js

Downloading binary from https://github.com/sass/node-sass/releases/download/v4.14.1/win32-x64-72_binding.node

> node-sass@4.14.1 postinstall E:\Code\Test\vue\vueui\node_modules\node-sass
> node scripts/build.js

Building: D:\Program Files\nodejs\node.exe E:\Code\Test\vue\vueui\node_modules\node-gyp\bin\node-gyp.js rebuild --verbose --libsass_ext= --libsass_cflags= --libsass_ldflags= --libsass_library=

    at makeError (C:\Users\Mr.宏\AppData\Roaming\npm\node_modules\@vue\cli\node_modules\execa\index.js:174:9)
    at C:\Users\Mr.宏\AppData\Roaming\npm\node_modules\@vue\cli\node_modules\execa\index.js:278:16
    at processTicksAndRejections (internal/process/task_queues.js:97:5)
    at async C:\Users\Mr.宏\AppData\Roaming\npm\node_modules\@vue\cli\node_modules\@vue\cli-ui\apollo-server\connectors\projects.js:345:5
    at async Object.wrap (C:\Users\Mr.宏\AppData\Roaming\npm\node_modules\@vue\cli\node_modules\@vue\cli-ui\apollo-server\connectors\progress.js:39:14) {
  code: 1,
  stdout: '⚙️  Installing CLI plugins. This might take a while...\n' +
    '\n' +
    '\n' +
    '> yorkie@2.0.0 install E:\\Code\\Test\\vue\\vueui\\node_modules\\yorkie\n' +
    '> node bin/install.js\n' +
    '\n' +
    'setting up Git hooks\n' +
    "can't find .git directory, skipping Git hooks installation\n" +
    '\n' +
    '> core-js@3.6.5 postinstall E:\\Code\\Test\\vue\\vueui\\node_modules\\core-js\n' +
    `> node -e "try{require('./postinstall')}catch(e){}"\n` +
    '\n' +
    '\n' +
    '> ejs@2.7.4 postinstall E:\\Code\\Test\\vue\\vueui\\node_modules\\ejs\n' +
    '> node ./postinstall.js\n' +
    '\n' +
    'added 1191 packages from 840 contributors in 54.451s\n' +
    '\r\n' +
    '40 packages are looking for funding\r\n' +
    '  run `npm fund` for details\n' +
    '\n' +
    '�  Invoking generators...\n' +
    '�  Installing additional dependencies...\n' +
    '\n' +
    '\n' +
    '> node-sass@4.14.1 install E:\\Code\\Test\\vue\\vueui\\node_modules\\node-sass\n' +
    '> node scripts/install.js\n' +
    '\n' +
    'Downloading binary from https://github.com/sass/node-sass/releases/download/v4.14.1/win32-x64-72_binding.node\n' +
    '\n' +
    '> node-sass@4.14.1 postinstall E:\\Code\\Test\\vue\\vueui\\node_modules\\node-sass\n' +
    '> node scripts/build.js\n' +
    '\n' +
    'Building: D:\\Program Files\\nodejs\\node.exe E:\\Code\\Test\\vue\\vueui\\node_modules\\node-gyp\\bin\\node-gyp.js rebuild --verbose --libsass_ext= --libsass_cflags= --libsass_ldflags= --libsass_library=\n',
  stderr: null,
  failed: true,
  signal: null,
  cmd: 'vue create vueui --skipGetStarted --no-git --inlinePreset {"useConfigFiles":true,"plugins":{"@vue/cli-plugin-babel":{},"@vue/cli-plugin-router":{"historyMode":false},"@vue/cli-plugin-vuex":{},"@vue/cli-plugin-eslint":{"config":"base","lintOn":["save"]}},"cssPreprocessor":"node-sass"}',
  timedOut: false,
  killed: false
}
